{"total": {"lines":{"total":710,"covered":0,"skipped":0,"pct":0},"statements":{"total":823,"covered":0,"skipped":0,"pct":0},"functions":{"total":220,"covered":0,"skipped":0,"pct":0},"branches":{"total":471,"covered":0,"skipped":0,"pct":0},"branchesTrue":{"total":0,"covered":0,"skipped":0,"pct":100}}
,"/home/admin/.openclaw/workspace/ai-hardware-verification-platform/frontend/src/components/resource/nodeHelpers.js": {"lines":{"total":48,"covered":0,"skipped":0,"pct":0},"functions":{"total":15,"covered":0,"skipped":0,"pct":0},"statements":{"total":67,"covered":0,"skipped":0,"pct":0},"branches":{"total":34,"covered":0,"skipped":0,"pct":0}}
,"/home/admin/.openclaw/workspace/ai-hardware-verification-platform/frontend/src/config/routes.js": {"lines":{"total":86,"covered":0,"skipped":0,"pct":0},"functions":{"total":51,"covered":0,"skipped":0,"pct":0},"statements":{"total":95,"covered":0,"skipped":0,"pct":0},"branches":{"total":62,"covered":0,"skipped":0,"pct":0}}
,"/home/admin/.openclaw/workspace/ai-hardware-verification-platform/frontend/src/hooks/useLogWebSocket.js": {"lines":{"total":155,"covered":0,"skipped":0,"pct":0},"functions":{"total":27,"covered":0,"skipped":0,"pct":0},"statements":{"total":173,"covered":0,"skipped":0,"pct":0},"branches":{"total":113,"covered":0,"skipped":0,"pct":0}}
,"/home/admin/.openclaw/workspace/ai-hardware-verification-platform/frontend/src/hooks/useTaskData.js": {"lines":{"total":87,"covered":0,"skipped":0,"pct":0},"functions":{"total":25,"covered":0,"skipped":0,"pct":0},"statements":{"total":115,"covered":0,"skipped":0,"pct":0},"branches":{"total":41,"covered":0,"skipped":0,"pct":0}}
,"/home/admin/.openclaw/workspace/ai-hardware-verification-platform/frontend/src/pages/assets/reuseStore.js": {"lines":{"total":43,"covered":0,"skipped":0,"pct":0},"functions":{"total":12,"covered":0,"skipped":0,"pct":0},"statements":{"total":46,"covered":0,"skipped":0,"pct":0},"branches":{"total":18,"covered":0,"skipped":0,"pct":0}}
,"/home/admin/.openclaw/workspace/ai-hardware-verification-platform/frontend/src/pages/assets/searchFilter.js": {"lines":{"total":27,"covered":0,"skipped":0,"pct":0},"functions":{"total":2,"covered":0,"skipped":0,"pct":0},"statements":{"total":32,"covered":0,"skipped":0,"pct":0},"branches":{"total":41,"covered":0,"skipped":0,"pct":0}}
,"/home/admin/.openclaw/workspace/ai-hardware-verification-platform/frontend/src/stores/useAuthStore.js": {"lines":{"total":26,"covered":0,"skipped":0,"pct":0},"functions":{"total":5,"covered":0,"skipped":0,"pct":0},"statements":{"total":27,"covered":0,"skipped":0,"pct":0},"branches":{"total":12,"covered":0,"skipped":0,"pct":0}}
,"/home/admin/.openclaw/workspace/ai-hardware-verification-platform/frontend/src/stores/useNotificationStore.js": {"lines":{"total":5,"covered":0,"skipped":0,"pct":0},"functions":{"total":6,"covered":0,"skipped":0,"pct":0},"statements":{"total":7,"covered":0,"skipped":0,"pct":0},"branches":{"total":0,"covered":0,"skipped":0,"pct":100}}
,"/home/admin/.openclaw/workspace/ai-hardware-verification-platform/frontend/src/utils/api.js": {"lines":{"total":87,"covered":0,"skipped":0,"pct":0},"functions":{"total":54,"covered":0,"skipped":0,"pct":0},"statements":{"total":88,"covered":0,"skipped":0,"pct":0},"branches":{"total":36,"covered":0,"skipped":0,"pct":0}}
,"/home/admin/.openclaw/workspace/ai-hardware-verification-platform/frontend/src/utils/comparison.js": {"lines":{"total":46,"covered":0,"skipped":0,"pct":0},"functions":{"total":14,"covered":0,"skipped":0,"pct":0},"statements":{"total":57,"covered":0,"skipped":0,"pct":0},"branches":{"total":44,"covered":0,"skipped":0,"pct":0}}
,"/home/admin/.openclaw/workspace/ai-hardware-verification-platform/frontend/src/utils/exportPdf.js": {"lines":{"total":100,"covered":0,"skipped":0,"pct":0},"functions":{"total":9,"covered":0,"skipped":0,"pct":0},"statements":{"total":116,"covered":0,"skipped":0,"pct":0},"branches":{"total":70,"covered":0,"skipped":0,"pct":0}}
}
